<?xml version="1.0" encoding="UTF-8"?>
<testsuite xmlns:xsi="http://www.w3.org/2001/XMLSchema-instance" xsi:noNamespaceSchemaLocation="https://maven.apache.org/surefire/maven-surefire-plugin/xsd/surefire-test-report-3.0.xsd" version="3.0" name="com.java.laiy.security.SecurityTest" time="0.019" tests="3" errors="0" skipped="0" failures="0">
  <properties>
[...]
</properties>
  <testcase name="testBoundaryValues" classname="com.java.laiy.security.SecurityTest" time="0.007">
    <system-err><![CDATA[Feb 27, 2025 12:40:05 PM com.java.laiy.view.ConsoleMenuView enterSize
WARNING: Board size out of range: 0
Feb 27, 2025 12:40:05 PM com.java.laiy.view.ConsoleMenuView enterSize
WARNING: Board size out of range: 11
Feb 27, 2025 12:40:05 PM com.java.laiy.view.ConsoleMenuView enterSize
WARNING: Board size out of range: -1
Feb 27, 2025 12:40:05 PM com.java.laiy.view.ConsoleMenuView enterSize
WARNING: Board size out of range: 999999
]]></system-err>
  </testcase>
  <testcase name="testResourceLeaks" classname="com.java.laiy.security.SecurityTest" time="0.0"/>
  <testcase name="testInputSanitization" classname="com.java.laiy.security.SecurityTest" time="0.008">
    <system-err><![CDATA[Feb 27, 2025 12:40:05 PM com.java.laiy.view.ConsoleMenuView enterSize
WARNING: Invalid board size input
Feb 27, 2025 12:40:05 PM com.java.laiy.view.ConsoleMenuView enterSize
SEVERE: Error reading board size
java.util.NoSuchElementException: No line found
	at java.base/java.util.Scanner.nextLine(Scanner.java:1660)
	at com.java.laiy.view.ConsoleMenuView.enterSize(ConsoleMenuView.java:157)
	at com.java.laiy.view.ConsoleMenuView.customInput(ConsoleMenuView.java:140)
	at com.java.laiy.security.SecurityTest.testInputSanitization(SecurityTest.java:50)
	at java.base/jdk.internal.reflect.DirectMethodHandleAccessor.invoke(DirectMethodHandleAccessor.java:104)
	at java.base/java.lang.reflect.Method.invoke(Method.java:578)
	at org.junit.runners.model.FrameworkMethod$1.runReflectiveCall(FrameworkMethod.java:59)
	at org.junit.internal.runners.model.ReflectiveCallable.run(ReflectiveCallable.java:12)
	at org.junit.runners.model.FrameworkMethod.invokeExplosively(FrameworkMethod.java:56)
	at org.junit.internal.runners.statements.InvokeMethod.evaluate(InvokeMethod.java:17)
	at org.junit.internal.runners.statements.RunBefores.evaluate(RunBefores.java:26)
	at org.junit.internal.runners.statements.RunAfters.evaluate(RunAfters.java:27)
	at org.junit.runners.ParentRunner$3.evaluate(ParentRunner.java:306)
	at org.junit.runners.BlockJUnit4ClassRunner$1.evaluate(BlockJUnit4ClassRunner.java:100)
	at org.junit.runners.ParentRunner.runLeaf(ParentRunner.java:366)
	at org.junit.runners.BlockJUnit4ClassRunner.runChild(BlockJUnit4ClassRunner.java:103)
	at org.junit.runners.BlockJUnit4ClassRunner.runChild(BlockJUnit4ClassRunner.java:63)
	at org.junit.runners.ParentRunner$4.run(ParentRunner.java:331)
	at org.junit.runners.ParentRunner$1.schedule(ParentRunner.java:79)
	at org.junit.runners.ParentRunner.runChildren(ParentRunner.java:329)
	at org.junit.runners.ParentRunner.access$100(ParentRunner.java:66)
	at org.junit.runners.ParentRunner$2.evaluate(ParentRunner.java:293)
	at org.junit.runners.ParentRunner$3.evaluate(ParentRunner.java:306)
	at org.junit.runners.ParentRunner.run(ParentRunner.java:413)
	at org.apache.maven.surefire.junit4.JUnit4Provider.execute(JUnit4Provider.java:316)
	at org.apache.maven.surefire.junit4.JUnit4Provider.executeWithRerun(JUnit4Provider.java:240)
	at org.apache.maven.surefire.junit4.JUnit4Provider.executeTestSet(JUnit4Provider.java:214)
	at org.apache.maven.surefire.junit4.JUnit4Provider.invoke(JUnit4Provider.java:155)
	at org.apache.maven.surefire.booter.ForkedBooter.runSuitesInProcess(ForkedBooter.java:385)
	at org.apache.maven.surefire.booter.ForkedBooter.execute(ForkedBooter.java:162)
	at org.apache.maven.surefire.booter.ForkedBooter.run(ForkedBooter.java:507)
	at org.apache.maven.surefire.booter.ForkedBooter.main(ForkedBooter.java:495)

]]></system-err>
  </testcase>
</testsuite>